0 info it worked if it ends with ok
1 verbose cli [ 'C:\\Program Files\\nodejs\\node.exe',
1 verbose cli   'C:\\Program Files\\nodejs\\node_modules\\npm\\bin\\npm-cli.js',
1 verbose cli   'publish' ]
2 info using npm@3.10.10
3 info using node@v6.10.0
4 verbose publish [ '.' ]
5 silly cache add args [ '.', null ]
6 verbose cache add spec .
7 silly cache add parsed spec Result {
7 silly cache add   raw: '.',
7 silly cache add   scope: null,
7 silly cache add   escapedName: null,
7 silly cache add   name: null,
7 silly cache add   rawSpec: '.',
7 silly cache add   spec: 'C:\\Users\\djmclaugh\\Documents\\git\\ts-turnbased-connect',
7 silly cache add   type: 'directory' }
8 verbose addLocalDirectory C:\Users\djmclaugh\AppData\Roaming\npm-cache\ts-turnbased-connect\0.0.1\package.tgz not in flight; packing
9 verbose correctMkdir C:\Users\djmclaugh\AppData\Roaming\npm-cache correctMkdir not in flight; initializing
10 info lifecycle ts-turnbased-connect@0.0.1~prepublish: ts-turnbased-connect@0.0.1
11 silly lifecycle ts-turnbased-connect@0.0.1~prepublish: no script for prepublish, continuing
12 verbose tar pack [ 'C:\\Users\\djmclaugh\\AppData\\Roaming\\npm-cache\\ts-turnbased-connect\\0.0.1\\package.tgz',
12 verbose tar pack   'C:\\Users\\djmclaugh\\Documents\\git\\ts-turnbased-connect' ]
13 verbose tarball C:\Users\djmclaugh\AppData\Roaming\npm-cache\ts-turnbased-connect\0.0.1\package.tgz
14 verbose folder C:\Users\djmclaugh\Documents\git\ts-turnbased-connect
15 verbose addLocalTarball adding from inside cache C:\Users\djmclaugh\AppData\Roaming\npm-cache\ts-turnbased-connect\0.0.1\package.tgz
16 verbose correctMkdir C:\Users\djmclaugh\AppData\Roaming\npm-cache correctMkdir not in flight; initializing
17 silly cache afterAdd ts-turnbased-connect@0.0.1
18 verbose afterAdd C:\Users\djmclaugh\AppData\Roaming\npm-cache\ts-turnbased-connect\0.0.1\package\package.json not in flight; writing
19 verbose correctMkdir C:\Users\djmclaugh\AppData\Roaming\npm-cache correctMkdir not in flight; initializing
20 verbose afterAdd C:\Users\djmclaugh\AppData\Roaming\npm-cache\ts-turnbased-connect\0.0.1\package\package.json written
21 silly publish { name: 'ts-turnbased-connect',
21 silly publish   version: '0.0.1',
21 silly publish   description: 'Implementation of the Connect(m, n, k, p , q) games',
21 silly publish   main: 'index.js',
21 silly publish   typings: 'index.ts',
21 silly publish   scripts: { pretest: 'tsc', test: 'mocha --recursive ./test' },
21 silly publish   repository:
21 silly publish    { type: 'git',
21 silly publish      url: 'git+https://github.com/djmclaugh/ts-turnbased-connect.git' },
21 silly publish   author: { name: 'djmclaugh' },
21 silly publish   license: 'Unlicense',
21 silly publish   bugs: { url: 'https://github.com/djmclaugh/ts-turnbased-connect/issues' },
21 silly publish   homepage: 'https://github.com/djmclaugh/ts-turnbased-connect#readme',
21 silly publish   dependencies: { 'ts-turnbased': '0.0.2' },
21 silly publish   devDependencies:
21 silly publish    { '@types/chai': '^3.4.35',
21 silly publish      '@types/mocha': '^2.2.39',
21 silly publish      chai: '^3.5.0',
21 silly publish      mocha: '^3.2.0',
21 silly publish      typescript: '^2.2.1' },
21 silly publish   readme: '# ts-turnbased-connect\r\nImplementation of the Connect(m, n, k, p , q) games\r\n\r\nhttp://www.connect6.org/k-in-a-row.pdf\r\n',
21 silly publish   readmeFilename: 'README.md',
21 silly publish   gitHead: 'e5b0fe3f51fd9e65eb1623957c309fb2c735cc3a',
21 silly publish   _id: 'ts-turnbased-connect@0.0.1',
21 silly publish   _shasum: 'c0f6b19aaa6056b55d0cba887a7116586d615ea0',
21 silly publish   _from: '.' }
22 verbose getPublishConfig undefined
23 silly mapToRegistry name ts-turnbased-connect
24 silly mapToRegistry using default registry
25 silly mapToRegistry registry https://registry.npmjs.org/
26 silly mapToRegistry data Result {
26 silly mapToRegistry   raw: 'ts-turnbased-connect',
26 silly mapToRegistry   scope: null,
26 silly mapToRegistry   escapedName: 'ts-turnbased-connect',
26 silly mapToRegistry   name: 'ts-turnbased-connect',
26 silly mapToRegistry   rawSpec: '',
26 silly mapToRegistry   spec: 'latest',
26 silly mapToRegistry   type: 'tag' }
27 silly mapToRegistry uri https://registry.npmjs.org/ts-turnbased-connect
28 verbose publish registryBase https://registry.npmjs.org/
29 silly publish uploading C:\Users\djmclaugh\AppData\Roaming\npm-cache\ts-turnbased-connect\0.0.1\package.tgz
30 verbose request uri https://registry.npmjs.org/ts-turnbased-connect
31 verbose request sending authorization for write operation
32 info attempt registry request try #1 at 7:26:42 PM
33 verbose request using bearer token for auth
34 verbose request id 592e7be7b27ff749
35 http request PUT https://registry.npmjs.org/ts-turnbased-connect
36 http 403 https://registry.npmjs.org/ts-turnbased-connect
37 verbose headers { 'content-type': 'application/json',
37 verbose headers   'cache-control': 'max-age=300',
37 verbose headers   'content-length': '95',
37 verbose headers   'accept-ranges': 'bytes',
37 verbose headers   date: 'Tue, 04 Apr 2017 23:26:34 GMT',
37 verbose headers   via: '1.1 varnish',
37 verbose headers   connection: 'keep-alive',
37 verbose headers   'x-served-by': 'cache-yyz8327-YYZ',
37 verbose headers   'x-cache': 'MISS',
37 verbose headers   'x-cache-hits': '0',
37 verbose headers   'x-timer': 'S1491348393.999651,VS0,VE461',
37 verbose headers   vary: 'Accept-Encoding' }
38 verbose request invalidating C:\Users\djmclaugh\AppData\Roaming\npm-cache\registry.npmjs.org\ts-turnbased-connect on PUT
39 error publish Failed PUT 403
40 verbose stack Error: "You cannot publish over the previously published version 0.0.1." : ts-turnbased-connect
40 verbose stack     at makeError (C:\Program Files\nodejs\node_modules\npm\node_modules\npm-registry-client\lib\request.js:302:12)
40 verbose stack     at CachingRegistryClient.<anonymous> (C:\Program Files\nodejs\node_modules\npm\node_modules\npm-registry-client\lib\request.js:290:14)
40 verbose stack     at Request._callback (C:\Program Files\nodejs\node_modules\npm\node_modules\npm-registry-client\lib\request.js:210:14)
40 verbose stack     at Request.self.callback (C:\Program Files\nodejs\node_modules\npm\node_modules\request\request.js:187:22)
40 verbose stack     at emitTwo (events.js:106:13)
40 verbose stack     at Request.emit (events.js:191:7)
40 verbose stack     at Request.<anonymous> (C:\Program Files\nodejs\node_modules\npm\node_modules\request\request.js:1048:10)
40 verbose stack     at emitOne (events.js:96:13)
40 verbose stack     at Request.emit (events.js:188:7)
40 verbose stack     at IncomingMessage.<anonymous> (C:\Program Files\nodejs\node_modules\npm\node_modules\request\request.js:969:12)
41 verbose statusCode 403
42 verbose pkgid ts-turnbased-connect
43 verbose cwd C:\Users\djmclaugh\Documents\git\ts-turnbased-connect
44 error Windows_NT 10.0.14393
45 error argv "C:\\Program Files\\nodejs\\node.exe" "C:\\Program Files\\nodejs\\node_modules\\npm\\bin\\npm-cli.js" "publish"
46 error node v6.10.0
47 error npm  v3.10.10
48 error code E403
49 error "You cannot publish over the previously published version 0.0.1." : ts-turnbased-connect
50 error If you need help, you may report this error at:
50 error     <https://github.com/npm/npm/issues>
51 verbose exit [ 1, true ]
